[debug] [2020-03-14T16:58:41.053Z] ----------------------------------------------------------------------
[debug] [2020-03-14T16:58:41.055Z] Command:       /usr/bin/node /usr/bin/firebase deploy --only functions
[debug] [2020-03-14T16:58:41.055Z] CLI Version:   7.15.0
[debug] [2020-03-14T16:58:41.055Z] Platform:      linux
[debug] [2020-03-14T16:58:41.055Z] Node Version:  v12.16.1
[debug] [2020-03-14T16:58:41.055Z] Time:          Sat Mar 14 2020 16:58:41 GMT+0000 (Western European Standard Time)
[debug] [2020-03-14T16:58:41.056Z] ----------------------------------------------------------------------
[debug] [2020-03-14T16:58:41.056Z] 
[debug] [2020-03-14T16:58:41.065Z] > command requires scopes: ["email","openid","https://www.googleapis.com/auth/cloudplatformprojects.readonly","https://www.googleapis.com/auth/firebase","https://www.googleapis.com/auth/cloud-platform"]
[debug] [2020-03-14T16:58:41.065Z] > authorizing via signed-in user
[debug] [2020-03-14T16:58:41.065Z] [iam] checking project projecto-final-35511 for permissions ["cloudfunctions.functions.create","cloudfunctions.functions.delete","cloudfunctions.functions.get","cloudfunctions.functions.list","cloudfunctions.functions.update","cloudfunctions.operations.get","firebase.projects.get"]
[debug] [2020-03-14T16:58:41.067Z] >>> HTTP REQUEST POST https://cloudresourcemanager.googleapis.com/v1/projects/projecto-final-35511:testIamPermissions  

[debug] [2020-03-14T16:58:42.266Z] <<< HTTP RESPONSE 200
[info] 
[info] === Deploying to 'projecto-final-35511'...
[info] 
[info] i  deploying functions
[info] Running command: npm --prefix "$RESOURCE_DIR" run lint
[info] Running command: npm --prefix "$RESOURCE_DIR" run build
[info] ✔  functions: Finished running predeploy script.
[debug] [2020-03-14T16:58:53.582Z] > [functions] package.json contents: {
  "name": "functions",
  "scripts": {
    "lint": "tslint --project tsconfig.json",
    "build": "tsc",
    "serve": "npm run build && firebase serve --only functions",
    "shell": "npm run build && firebase functions:shell",
    "start": "npm run shell",
    "deploy": "firebase deploy --only functions",
    "logs": "firebase functions:log"
  },
  "engines": {
    "node": "8"
  },
  "main": "lib/index.js",
  "dependencies": {
    "firebase-admin": "^8.6.0",
    "firebase-functions": "^3.3.0"
  },
  "devDependencies": {
    "tslint": "^5.12.0",
    "typescript": "^3.2.2",
    "firebase-functions-test": "^0.1.6"
  },
  "private": true
}
[info] i  functions: ensuring necessary APIs are enabled...
[debug] [2020-03-14T16:58:53.583Z] >>> HTTP REQUEST GET https://serviceusage.googleapis.com/v1/projects/projecto-final-35511/services/cloudfunctions.googleapis.com  
 
[debug] [2020-03-14T16:58:53.584Z] >>> HTTP REQUEST GET https://serviceusage.googleapis.com/v1/projects/projecto-final-35511/services/runtimeconfig.googleapis.com  
 
[debug] [2020-03-14T16:58:54.759Z] <<< HTTP RESPONSE 200
[debug] [2020-03-14T16:58:54.872Z] <<< HTTP RESPONSE 200
[info] ✔  functions: all necessary APIs are enabled
[debug] [2020-03-14T16:58:54.873Z] >>> HTTP REQUEST GET https://firebase.googleapis.com/v1beta1/projects/projecto-final-35511/adminSdkConfig  
 
[debug] [2020-03-14T16:58:55.373Z] <<< HTTP RESPONSE 200
[info] i  functions: preparing functions directory for uploading...
[debug] [2020-03-14T16:58:55.376Z] >>> HTTP REQUEST GET https://runtimeconfig.googleapis.com/v1beta1/projects/projecto-final-35511/configs  
 
[debug] [2020-03-14T16:58:55.982Z] <<< HTTP RESPONSE 200
[info] i  functions: packaged functions (36.59 KB) for uploading
[debug] [2020-03-14T16:58:56.172Z] >>> HTTP REQUEST POST https://cloudfunctions.googleapis.com/v1/projects/projecto-final-35511/locations/us-central1/functions:generateUploadUrl  
 
[debug] [2020-03-14T16:58:57.109Z] <<< HTTP RESPONSE 200
[debug] [2020-03-14T16:58:57.110Z] >>> HTTP REQUEST PUT https://storage.googleapis.com/gcf-upload-us-central1-9d789316-5098-429c-be86-0221c6d140b9/557832ca-9afb-4626-8307-83569b8a1ac1.zip?GoogleAccessId=service-867525272426@gcf-admin-robot.iam.gserviceaccount.com&Expires=1584206988&Signature=AaOA9Ntd%2Fa6rt18hBzBkPJTQ8IsjgXT6rQuJ9KGyPhjuAnfBHCA4dBDnBzLZi4JcIaz11mvKWpGF4wH4kpvF8ydcmkcRzvrd45j9ZmRgaNfPpP63DJtwxYT0BVLyVOfjCUziAvKJiBj5cz2MyKBDAE%2Bw9kJuEnjP1ANXPEc4oacl9L3VMbaJMiS9R5JpJl%2BsGtmmE%2FbiKeUF3ipCPFMnAuVG2d0xPxt5TV7n18Q3jnbfCpYFpUhczytiGevF%2B%2Btarwl0SuQA%2F%2B0Fwvq9pcv1DkWXiCf7WIibqwp19g8G0WXkItC%2BgsG%2FLSEyeKpFZM6yUUYVzSBrxKG0R8AY0U9HRg%3D%3D  
 <request body omitted>
[debug] [2020-03-14T16:58:57.723Z] <<< HTTP RESPONSE 200
[info] ✔  functions: functions folder uploaded successfully
[debug] [2020-03-14T16:58:57.727Z] >>> HTTP REQUEST GET https://cloudfunctions.googleapis.com/v1/projects/projecto-final-35511/locations/-/functions  
 
[debug] [2020-03-14T16:58:58.339Z] <<< HTTP RESPONSE 200
[info] i  functions: updating Node.js 8 function notificacaoAtualizada(us-central1)...
[debug] [2020-03-14T16:58:58.344Z] Trigger is:  {"eventTrigger":{"resource":"projects/projecto-final-35511/databases/(default)/documents/pessoas/{uuid}/marcacoes/{marcacoes_uuid}","eventType":"providers/cloud.firestore/eventTypes/document.update","service":"firestore.googleapis.com"}}
[info] i  functions: updating Node.js 8 function notificacaoCriada(us-central1)...
[debug] [2020-03-14T16:58:58.345Z] Trigger is:  {"eventTrigger":{"resource":"projects/projecto-final-35511/databases/(default)/documents/marcacoes/{uuid}","eventType":"providers/cloud.firestore/eventTypes/document.create","service":"firestore.googleapis.com"}}
[info] 
The following functions are found in your project but do not exist in your local source code:
	mudarNomeComentarios(us-central1)

If you are renaming a function or changing its region, it is recommended that you create the new function first before deleting the old one to prevent event loss. For more info, visit https://firebase.google.com/docs/functions/manage-functions#modify

